Analysis & Synthesis report for Lab_6
Fri Dec 06 09:25:04 2019
Quartus Prime Version 18.1.0 Build 625 09/12/2018 SJ Lite Edition


---------------------
; Table of Contents ;
---------------------
  1. Legal Notice
  2. Analysis & Synthesis Summary
  3. Analysis & Synthesis Settings
  4. Parallel Compilation
  5. Analysis & Synthesis Source Files Read
  6. Analysis & Synthesis Resource Usage Summary
  7. Analysis & Synthesis Resource Utilization by Entity
  8. General Register Statistics
  9. Parameter Settings for User Entity Instance: comparator1:inst5
 10. Parameter Settings for User Entity Instance: counter:inst2
 11. Parameter Settings for User Entity Instance: comparator3:inst10
 12. Parameter Settings for User Entity Instance: comparator4:inst12
 13. Parameter Settings for User Entity Instance: counter:inst11
 14. Parameter Settings for User Entity Instance: comparator6:inst14
 15. Parameter Settings for User Entity Instance: BUSMUX:inst21
 16. Parameter Settings for User Entity Instance: comparator5:inst13
 17. Parameter Settings for User Entity Instance: comparator2:inst4
 18. Parameter Settings for User Entity Instance: BUSMUX:inst18
 19. Parameter Settings for User Entity Instance: BUSMUX:inst20
 20. Post-Synthesis Netlist Statistics for Top Partition
 21. Elapsed Time Per Partition
 22. Analysis & Synthesis Messages



----------------
; Legal Notice ;
----------------
Copyright (C) 2018  Intel Corporation. All rights reserved.
Your use of Intel Corporation's design tools, logic functions 
and other software and tools, and its AMPP partner logic 
functions, and any output files from any of the foregoing 
(including device programming or simulation files), and any 
associated documentation or information are expressly subject 
to the terms and conditions of the Intel Program License 
Subscription Agreement, the Intel Quartus Prime License Agreement,
the Intel FPGA IP License Agreement, or other applicable license
agreement, including, without limitation, that your use is for
the sole purpose of programming logic devices manufactured by
Intel and sold by Intel or its authorized distributors.  Please
refer to the applicable agreement for further details.



+----------------------------------------------------------------------------------+
; Analysis & Synthesis Summary                                                     ;
+------------------------------------+---------------------------------------------+
; Analysis & Synthesis Status        ; Successful - Fri Dec 06 09:25:04 2019       ;
; Quartus Prime Version              ; 18.1.0 Build 625 09/12/2018 SJ Lite Edition ;
; Revision Name                      ; Lab_6                                       ;
; Top-level Entity Name              ; Lab_6                                       ;
; Family                             ; MAX 10                                      ;
; Total logic elements               ; 49                                          ;
;     Total combinational functions  ; 49                                          ;
;     Dedicated logic registers      ; 22                                          ;
; Total registers                    ; 22                                          ;
; Total pins                         ; 28                                          ;
; Total virtual pins                 ; 0                                           ;
; Total memory bits                  ; 0                                           ;
; Embedded Multiplier 9-bit elements ; 0                                           ;
; Total PLLs                         ; 0                                           ;
; UFM blocks                         ; 0                                           ;
; ADC blocks                         ; 0                                           ;
+------------------------------------+---------------------------------------------+


+------------------------------------------------------------------------------------------------------------+
; Analysis & Synthesis Settings                                                                              ;
+------------------------------------------------------------------+--------------------+--------------------+
; Option                                                           ; Setting            ; Default Value      ;
+------------------------------------------------------------------+--------------------+--------------------+
; Device                                                           ; 10M50DAF484C7G     ;                    ;
; Top-level entity name                                            ; Lab_6              ; Lab_6              ;
; Family name                                                      ; MAX 10             ; Cyclone V          ;
; Use smart compilation                                            ; Off                ; Off                ;
; Enable parallel Assembler and Timing Analyzer during compilation ; On                 ; On                 ;
; Enable compact report table                                      ; Off                ; Off                ;
; Restructure Multiplexers                                         ; Auto               ; Auto               ;
; Create Debugging Nodes for IP Cores                              ; Off                ; Off                ;
; Preserve fewer node names                                        ; On                 ; On                 ;
; Intel FPGA IP Evaluation Mode                                    ; Enable             ; Enable             ;
; Verilog Version                                                  ; Verilog_2001       ; Verilog_2001       ;
; VHDL Version                                                     ; VHDL_1993          ; VHDL_1993          ;
; State Machine Processing                                         ; Auto               ; Auto               ;
; Safe State Machine                                               ; Off                ; Off                ;
; Extract Verilog State Machines                                   ; On                 ; On                 ;
; Extract VHDL State Machines                                      ; On                 ; On                 ;
; Ignore Verilog initial constructs                                ; Off                ; Off                ;
; Iteration limit for constant Verilog loops                       ; 5000               ; 5000               ;
; Iteration limit for non-constant Verilog loops                   ; 250                ; 250                ;
; Add Pass-Through Logic to Inferred RAMs                          ; On                 ; On                 ;
; Infer RAMs from Raw Logic                                        ; On                 ; On                 ;
; Parallel Synthesis                                               ; On                 ; On                 ;
; DSP Block Balancing                                              ; Auto               ; Auto               ;
; NOT Gate Push-Back                                               ; On                 ; On                 ;
; Power-Up Don't Care                                              ; On                 ; On                 ;
; Remove Redundant Logic Cells                                     ; Off                ; Off                ;
; Remove Duplicate Registers                                       ; On                 ; On                 ;
; Ignore CARRY Buffers                                             ; Off                ; Off                ;
; Ignore CASCADE Buffers                                           ; Off                ; Off                ;
; Ignore GLOBAL Buffers                                            ; Off                ; Off                ;
; Ignore ROW GLOBAL Buffers                                        ; Off                ; Off                ;
; Ignore LCELL Buffers                                             ; Off                ; Off                ;
; Ignore SOFT Buffers                                              ; On                 ; On                 ;
; Limit AHDL Integers to 32 Bits                                   ; Off                ; Off                ;
; Optimization Technique                                           ; Balanced           ; Balanced           ;
; Carry Chain Length                                               ; 70                 ; 70                 ;
; Auto Carry Chains                                                ; On                 ; On                 ;
; Auto Open-Drain Pins                                             ; On                 ; On                 ;
; Perform WYSIWYG Primitive Resynthesis                            ; Off                ; Off                ;
; Auto ROM Replacement                                             ; On                 ; On                 ;
; Auto RAM Replacement                                             ; On                 ; On                 ;
; Auto DSP Block Replacement                                       ; On                 ; On                 ;
; Auto Shift Register Replacement                                  ; Auto               ; Auto               ;
; Allow Shift Register Merging across Hierarchies                  ; Auto               ; Auto               ;
; Auto Clock Enable Replacement                                    ; On                 ; On                 ;
; Strict RAM Replacement                                           ; Off                ; Off                ;
; Allow Synchronous Control Signals                                ; On                 ; On                 ;
; Force Use of Synchronous Clear Signals                           ; Off                ; Off                ;
; Auto RAM Block Balancing                                         ; On                 ; On                 ;
; Auto RAM to Logic Cell Conversion                                ; Off                ; Off                ;
; Auto Resource Sharing                                            ; Off                ; Off                ;
; Allow Any RAM Size For Recognition                               ; Off                ; Off                ;
; Allow Any ROM Size For Recognition                               ; Off                ; Off                ;
; Allow Any Shift Register Size For Recognition                    ; Off                ; Off                ;
; Use LogicLock Constraints during Resource Balancing              ; On                 ; On                 ;
; Ignore translate_off and synthesis_off directives                ; Off                ; Off                ;
; Timing-Driven Synthesis                                          ; On                 ; On                 ;
; Report Parameter Settings                                        ; On                 ; On                 ;
; Report Source Assignments                                        ; On                 ; On                 ;
; Report Connectivity Checks                                       ; On                 ; On                 ;
; Ignore Maximum Fan-Out Assignments                               ; Off                ; Off                ;
; Synchronization Register Chain Length                            ; 2                  ; 2                  ;
; Power Optimization During Synthesis                              ; Normal compilation ; Normal compilation ;
; HDL message level                                                ; Level2             ; Level2             ;
; Suppress Register Optimization Related Messages                  ; Off                ; Off                ;
; Number of Removed Registers Reported in Synthesis Report         ; 5000               ; 5000               ;
; Number of Swept Nodes Reported in Synthesis Report               ; 5000               ; 5000               ;
; Number of Inverted Registers Reported in Synthesis Report        ; 100                ; 100                ;
; Clock MUX Protection                                             ; On                 ; On                 ;
; Auto Gated Clock Conversion                                      ; Off                ; Off                ;
; Block Design Naming                                              ; Auto               ; Auto               ;
; SDC constraint protection                                        ; Off                ; Off                ;
; Synthesis Effort                                                 ; Auto               ; Auto               ;
; Shift Register Replacement - Allow Asynchronous Clear Signal     ; On                 ; On                 ;
; Pre-Mapping Resynthesis Optimization                             ; Off                ; Off                ;
; Analysis & Synthesis Message Level                               ; Medium             ; Medium             ;
; Disable Register Merging Across Hierarchies                      ; Auto               ; Auto               ;
; Resource Aware Inference For Block RAM                           ; On                 ; On                 ;
+------------------------------------------------------------------+--------------------+--------------------+


+------------------------------------------+
; Parallel Compilation                     ;
+----------------------------+-------------+
; Processors                 ; Number      ;
+----------------------------+-------------+
; Number detected on machine ; 12          ;
; Maximum allowed            ; 6           ;
;                            ;             ;
; Average used               ; 1.00        ;
; Maximum used               ; 6           ;
;                            ;             ;
; Usage by Processor         ; % Time Used ;
;     Processor 1            ; 100.0%      ;
;     Processor 2            ;   0.0%      ;
;     Processors 3-6         ;   0.0%      ;
+----------------------------+-------------+


+---------------------------------------------------------------------------------------------------------------------------------------------------------------------+
; Analysis & Synthesis Source Files Read                                                                                                                              ;
+----------------------------------+-----------------+------------------------------------+-----------------------------------------------------------------+---------+
; File Name with User-Entered Path ; Used in Netlist ; File Type                          ; File Name with Absolute Path                                    ; Library ;
+----------------------------------+-----------------+------------------------------------+-----------------------------------------------------------------+---------+
; Lab_6.bdf                        ; yes             ; User Block Diagram/Schematic File  ; D:/Quartus_prime/lab_6_brandons/Lab_6.bdf                       ;         ;
; counter.sv                       ; yes             ; User SystemVerilog HDL File        ; D:/Quartus_prime/lab_6_brandons/counter.sv                      ;         ;
; compare2.sv                      ; yes             ; User SystemVerilog HDL File        ; D:/Quartus_prime/lab_6_brandons/compare2.sv                     ;         ;
; compare1.sv                      ; yes             ; User SystemVerilog HDL File        ; D:/Quartus_prime/lab_6_brandons/compare1.sv                     ;         ;
; compare3.sv                      ; yes             ; User SystemVerilog HDL File        ; D:/Quartus_prime/lab_6_brandons/compare3.sv                     ;         ;
; compare4.sv                      ; yes             ; User SystemVerilog HDL File        ; D:/Quartus_prime/lab_6_brandons/compare4.sv                     ;         ;
; compare5.sv                      ; yes             ; User SystemVerilog HDL File        ; D:/Quartus_prime/lab_6_brandons/compare5.sv                     ;         ;
; compare6.sv                      ; yes             ; User SystemVerilog HDL File        ; D:/Quartus_prime/lab_6_brandons/compare6.sv                     ;         ;
; busmux.tdf                       ; yes             ; Megafunction                       ; d:/quartus_prime/quartus/libraries/megafunctions/busmux.tdf     ;         ;
; lpm_mux.inc                      ; yes             ; Megafunction                       ; d:/quartus_prime/quartus/libraries/megafunctions/lpm_mux.inc    ;         ;
; lpm_mux.tdf                      ; yes             ; Megafunction                       ; d:/quartus_prime/quartus/libraries/megafunctions/lpm_mux.tdf    ;         ;
; aglobal181.inc                   ; yes             ; Megafunction                       ; d:/quartus_prime/quartus/libraries/megafunctions/aglobal181.inc ;         ;
; muxlut.inc                       ; yes             ; Megafunction                       ; d:/quartus_prime/quartus/libraries/megafunctions/muxlut.inc     ;         ;
; bypassff.inc                     ; yes             ; Megafunction                       ; d:/quartus_prime/quartus/libraries/megafunctions/bypassff.inc   ;         ;
; altshift.inc                     ; yes             ; Megafunction                       ; d:/quartus_prime/quartus/libraries/megafunctions/altshift.inc   ;         ;
; db/mux_06c.tdf                   ; yes             ; Auto-Generated Megafunction        ; D:/Quartus_prime/lab_6_brandons/db/mux_06c.tdf                  ;         ;
+----------------------------------+-----------------+------------------------------------+-----------------------------------------------------------------+---------+


+--------------------------------------------------------+
; Analysis & Synthesis Resource Usage Summary            ;
+---------------------------------------------+----------+
; Resource                                    ; Usage    ;
+---------------------------------------------+----------+
; Estimated Total logic elements              ; 49       ;
;                                             ;          ;
; Total combinational functions               ; 49       ;
; Logic element usage by number of LUT inputs ;          ;
;     -- 4 input functions                    ; 9        ;
;     -- 3 input functions                    ; 7        ;
;     -- <=2 input functions                  ; 33       ;
;                                             ;          ;
; Logic elements by mode                      ;          ;
;     -- normal mode                          ; 33       ;
;     -- arithmetic mode                      ; 16       ;
;                                             ;          ;
; Total registers                             ; 22       ;
;     -- Dedicated logic registers            ; 22       ;
;     -- I/O registers                        ; 0        ;
;                                             ;          ;
; I/O pins                                    ; 28       ;
;                                             ;          ;
; Embedded Multiplier 9-bit elements          ; 0        ;
;                                             ;          ;
; Maximum fan-out node                        ; inst15~3 ;
; Maximum fan-out                             ; 12       ;
; Total fan-out                               ; 224      ;
; Average fan-out                             ; 1.76     ;
+---------------------------------------------+----------+


+----------------------------------------------------------------------------------------------------------------------------------------------------------------------------------------------------------------------------------------------------------------------------------+
; Analysis & Synthesis Resource Utilization by Entity                                                                                                                                                                                                                              ;
+-----------------------------------+---------------------+---------------------------+-------------+------------+--------------+---------+-----------+------+--------------+------------+------------------------------------------------------------+-------------+--------------+
; Compilation Hierarchy Node        ; Combinational ALUTs ; Dedicated Logic Registers ; Memory Bits ; UFM Blocks ; DSP Elements ; DSP 9x9 ; DSP 18x18 ; Pins ; Virtual Pins ; ADC blocks ; Full Hierarchy Name                                        ; Entity Name ; Library Name ;
+-----------------------------------+---------------------+---------------------------+-------------+------------+--------------+---------+-----------+------+--------------+------------+------------------------------------------------------------+-------------+--------------+
; |Lab_6                            ; 49 (6)              ; 22 (2)                    ; 0           ; 0          ; 0            ; 0       ; 0         ; 28   ; 0            ; 0          ; |Lab_6                                                     ; Lab_6       ; work         ;
;    |busmux:inst18|                ; 4 (0)               ; 0 (0)                     ; 0           ; 0          ; 0            ; 0       ; 0         ; 0    ; 0            ; 0          ; |Lab_6|busmux:inst18                                       ; busmux      ; work         ;
;       |lpm_mux:$00000|            ; 4 (0)               ; 0 (0)                     ; 0           ; 0          ; 0            ; 0       ; 0         ; 0    ; 0            ; 0          ; |Lab_6|busmux:inst18|lpm_mux:$00000                        ; lpm_mux     ; work         ;
;          |mux_06c:auto_generated| ; 4 (4)               ; 0 (0)                     ; 0           ; 0          ; 0            ; 0       ; 0         ; 0    ; 0            ; 0          ; |Lab_6|busmux:inst18|lpm_mux:$00000|mux_06c:auto_generated ; mux_06c     ; work         ;
;    |busmux:inst20|                ; 4 (0)               ; 0 (0)                     ; 0           ; 0          ; 0            ; 0       ; 0         ; 0    ; 0            ; 0          ; |Lab_6|busmux:inst20                                       ; busmux      ; work         ;
;       |lpm_mux:$00000|            ; 4 (0)               ; 0 (0)                     ; 0           ; 0          ; 0            ; 0       ; 0         ; 0    ; 0            ; 0          ; |Lab_6|busmux:inst20|lpm_mux:$00000                        ; lpm_mux     ; work         ;
;          |mux_06c:auto_generated| ; 4 (4)               ; 0 (0)                     ; 0           ; 0          ; 0            ; 0       ; 0         ; 0    ; 0            ; 0          ; |Lab_6|busmux:inst20|lpm_mux:$00000|mux_06c:auto_generated ; mux_06c     ; work         ;
;    |busmux:inst21|                ; 4 (0)               ; 0 (0)                     ; 0           ; 0          ; 0            ; 0       ; 0         ; 0    ; 0            ; 0          ; |Lab_6|busmux:inst21                                       ; busmux      ; work         ;
;       |lpm_mux:$00000|            ; 4 (0)               ; 0 (0)                     ; 0           ; 0          ; 0            ; 0       ; 0         ; 0    ; 0            ; 0          ; |Lab_6|busmux:inst21|lpm_mux:$00000                        ; lpm_mux     ; work         ;
;          |mux_06c:auto_generated| ; 4 (4)               ; 0 (0)                     ; 0           ; 0          ; 0            ; 0       ; 0         ; 0    ; 0            ; 0          ; |Lab_6|busmux:inst21|lpm_mux:$00000|mux_06c:auto_generated ; mux_06c     ; work         ;
;    |comparator1:inst5|            ; 2 (2)               ; 0 (0)                     ; 0           ; 0          ; 0            ; 0       ; 0         ; 0    ; 0            ; 0          ; |Lab_6|comparator1:inst5                                   ; comparator1 ; work         ;
;    |comparator2:inst4|            ; 1 (1)               ; 0 (0)                     ; 0           ; 0          ; 0            ; 0       ; 0         ; 0    ; 0            ; 0          ; |Lab_6|comparator2:inst4                                   ; comparator2 ; work         ;
;    |comparator3:inst10|           ; 2 (2)               ; 0 (0)                     ; 0           ; 0          ; 0            ; 0       ; 0         ; 0    ; 0            ; 0          ; |Lab_6|comparator3:inst10                                  ; comparator3 ; work         ;
;    |comparator4:inst12|           ; 1 (1)               ; 0 (0)                     ; 0           ; 0          ; 0            ; 0       ; 0         ; 0    ; 0            ; 0          ; |Lab_6|comparator4:inst12                                  ; comparator4 ; work         ;
;    |comparator5:inst13|           ; 3 (3)               ; 0 (0)                     ; 0           ; 0          ; 0            ; 0       ; 0         ; 0    ; 0            ; 0          ; |Lab_6|comparator5:inst13                                  ; comparator5 ; work         ;
;    |comparator6:inst14|           ; 2 (2)               ; 0 (0)                     ; 0           ; 0          ; 0            ; 0       ; 0         ; 0    ; 0            ; 0          ; |Lab_6|comparator6:inst14                                  ; comparator6 ; work         ;
;    |counter:inst11|               ; 10 (10)             ; 10 (10)                   ; 0           ; 0          ; 0            ; 0       ; 0         ; 0    ; 0            ; 0          ; |Lab_6|counter:inst11                                      ; counter     ; work         ;
;    |counter:inst2|                ; 10 (10)             ; 10 (10)                   ; 0           ; 0          ; 0            ; 0       ; 0         ; 0    ; 0            ; 0          ; |Lab_6|counter:inst2                                       ; counter     ; work         ;
+-----------------------------------+---------------------+---------------------------+-------------+------------+--------------+---------+-----------+------+--------------+------------+------------------------------------------------------------+-------------+--------------+
Note: For table entries with two numbers listed, the numbers in parentheses indicate the number of resources of the given type used by the specific entity alone. The numbers listed outside of parentheses indicate the total resources of the given type used by the specific entity and all of its sub-entities in the hierarchy.


+------------------------------------------------------+
; General Register Statistics                          ;
+----------------------------------------------+-------+
; Statistic                                    ; Value ;
+----------------------------------------------+-------+
; Total registers                              ; 22    ;
; Number of registers using Synchronous Clear  ; 0     ;
; Number of registers using Synchronous Load   ; 0     ;
; Number of registers using Asynchronous Clear ; 21    ;
; Number of registers using Asynchronous Load  ; 0     ;
; Number of registers using Clock Enable       ; 0     ;
; Number of registers using Preset             ; 0     ;
+----------------------------------------------+-------+


+----------------------------------------------------------------+
; Parameter Settings for User Entity Instance: comparator1:inst5 ;
+----------------+-------+---------------------------------------+
; Parameter Name ; Value ; Type                                  ;
+----------------+-------+---------------------------------------+
; N              ; 10    ; Signed Integer                        ;
+----------------+-------+---------------------------------------+
Note: In order to hide this table in the UI and the text report file, please set the "Show Parameter Settings in Synthesis Report" option in "Analysis and Synthesis Settings -> More Settings" to "Off".


+------------------------------------------------------------+
; Parameter Settings for User Entity Instance: counter:inst2 ;
+----------------+-------+-----------------------------------+
; Parameter Name ; Value ; Type                              ;
+----------------+-------+-----------------------------------+
; N              ; 10    ; Signed Integer                    ;
+----------------+-------+-----------------------------------+
Note: In order to hide this table in the UI and the text report file, please set the "Show Parameter Settings in Synthesis Report" option in "Analysis and Synthesis Settings -> More Settings" to "Off".


+-----------------------------------------------------------------+
; Parameter Settings for User Entity Instance: comparator3:inst10 ;
+----------------+-------+----------------------------------------+
; Parameter Name ; Value ; Type                                   ;
+----------------+-------+----------------------------------------+
; N              ; 10    ; Signed Integer                         ;
+----------------+-------+----------------------------------------+
Note: In order to hide this table in the UI and the text report file, please set the "Show Parameter Settings in Synthesis Report" option in "Analysis and Synthesis Settings -> More Settings" to "Off".


+-----------------------------------------------------------------+
; Parameter Settings for User Entity Instance: comparator4:inst12 ;
+----------------+-------+----------------------------------------+
; Parameter Name ; Value ; Type                                   ;
+----------------+-------+----------------------------------------+
; N              ; 10    ; Signed Integer                         ;
+----------------+-------+----------------------------------------+
Note: In order to hide this table in the UI and the text report file, please set the "Show Parameter Settings in Synthesis Report" option in "Analysis and Synthesis Settings -> More Settings" to "Off".


+-------------------------------------------------------------+
; Parameter Settings for User Entity Instance: counter:inst11 ;
+----------------+-------+------------------------------------+
; Parameter Name ; Value ; Type                               ;
+----------------+-------+------------------------------------+
; N              ; 10    ; Signed Integer                     ;
+----------------+-------+------------------------------------+
Note: In order to hide this table in the UI and the text report file, please set the "Show Parameter Settings in Synthesis Report" option in "Analysis and Synthesis Settings -> More Settings" to "Off".


+-----------------------------------------------------------------+
; Parameter Settings for User Entity Instance: comparator6:inst14 ;
+----------------+-------+----------------------------------------+
; Parameter Name ; Value ; Type                                   ;
+----------------+-------+----------------------------------------+
; N              ; 10    ; Signed Integer                         ;
+----------------+-------+----------------------------------------+
Note: In order to hide this table in the UI and the text report file, please set the "Show Parameter Settings in Synthesis Report" option in "Analysis and Synthesis Settings -> More Settings" to "Off".


+------------------------------------------------------------+
; Parameter Settings for User Entity Instance: BUSMUX:inst21 ;
+----------------+-------+-----------------------------------+
; Parameter Name ; Value ; Type                              ;
+----------------+-------+-----------------------------------+
; WIDTH          ; 4     ; Untyped                           ;
+----------------+-------+-----------------------------------+
Note: In order to hide this table in the UI and the text report file, please set the "Show Parameter Settings in Synthesis Report" option in "Analysis and Synthesis Settings -> More Settings" to "Off".


+-----------------------------------------------------------------+
; Parameter Settings for User Entity Instance: comparator5:inst13 ;
+----------------+-------+----------------------------------------+
; Parameter Name ; Value ; Type                                   ;
+----------------+-------+----------------------------------------+
; N              ; 10    ; Signed Integer                         ;
+----------------+-------+----------------------------------------+
Note: In order to hide this table in the UI and the text report file, please set the "Show Parameter Settings in Synthesis Report" option in "Analysis and Synthesis Settings -> More Settings" to "Off".


+----------------------------------------------------------------+
; Parameter Settings for User Entity Instance: comparator2:inst4 ;
+----------------+-------+---------------------------------------+
; Parameter Name ; Value ; Type                                  ;
+----------------+-------+---------------------------------------+
; N              ; 10    ; Signed Integer                        ;
+----------------+-------+---------------------------------------+
Note: In order to hide this table in the UI and the text report file, please set the "Show Parameter Settings in Synthesis Report" option in "Analysis and Synthesis Settings -> More Settings" to "Off".


+------------------------------------------------------------+
; Parameter Settings for User Entity Instance: BUSMUX:inst18 ;
+----------------+-------+-----------------------------------+
; Parameter Name ; Value ; Type                              ;
+----------------+-------+-----------------------------------+
; WIDTH          ; 4     ; Untyped                           ;
+----------------+-------+-----------------------------------+
Note: In order to hide this table in the UI and the text report file, please set the "Show Parameter Settings in Synthesis Report" option in "Analysis and Synthesis Settings -> More Settings" to "Off".


+------------------------------------------------------------+
; Parameter Settings for User Entity Instance: BUSMUX:inst20 ;
+----------------+-------+-----------------------------------+
; Parameter Name ; Value ; Type                              ;
+----------------+-------+-----------------------------------+
; WIDTH          ; 4     ; Untyped                           ;
+----------------+-------+-----------------------------------+
Note: In order to hide this table in the UI and the text report file, please set the "Show Parameter Settings in Synthesis Report" option in "Analysis and Synthesis Settings -> More Settings" to "Off".


+-----------------------------------------------------+
; Post-Synthesis Netlist Statistics for Top Partition ;
+-----------------------+-----------------------------+
; Type                  ; Count                       ;
+-----------------------+-----------------------------+
; boundary_port         ; 28                          ;
; cycloneiii_ff         ; 22                          ;
;     CLR               ; 21                          ;
;     plain             ; 1                           ;
; cycloneiii_lcell_comb ; 50                          ;
;     arith             ; 16                          ;
;         2 data inputs ; 14                          ;
;         3 data inputs ; 2                           ;
;     normal            ; 34                          ;
;         1 data inputs ; 7                           ;
;         2 data inputs ; 13                          ;
;         3 data inputs ; 5                           ;
;         4 data inputs ; 9                           ;
;                       ;                             ;
; Max LUT depth         ; 5.00                        ;
; Average LUT depth     ; 2.58                        ;
+-----------------------+-----------------------------+


+-------------------------------+
; Elapsed Time Per Partition    ;
+----------------+--------------+
; Partition Name ; Elapsed Time ;
+----------------+--------------+
; Top            ; 00:00:02     ;
+----------------+--------------+


+-------------------------------+
; Analysis & Synthesis Messages ;
+-------------------------------+
Info: *******************************************************************
Info: Running Quartus Prime Analysis & Synthesis
    Info: Version 18.1.0 Build 625 09/12/2018 SJ Lite Edition
    Info: Processing started: Fri Dec 06 09:24:38 2019
Info: Command: quartus_map --read_settings_files=on --write_settings_files=off Lab_6 -c Lab_6
Warning (18236): Number of processors has not been specified which may cause overloading on shared machines.  Set the global assignment NUM_PARALLEL_PROCESSORS in your QSF to an appropriate value for best performance.
Info (20030): Parallel compilation is enabled and will use 6 of the 6 processors detected
Info (12021): Found 1 design units, including 1 entities, in source file lab_6.bdf
    Info (12023): Found entity 1: Lab_6
Info (12021): Found 1 design units, including 1 entities, in source file counter.sv
    Info (12023): Found entity 1: counter File: D:/Quartus_prime/lab_6_brandons/counter.sv Line: 1
Info (12021): Found 1 design units, including 1 entities, in source file compare2.sv
    Info (12023): Found entity 1: comparator2 File: D:/Quartus_prime/lab_6_brandons/compare2.sv Line: 1
Info (12021): Found 1 design units, including 1 entities, in source file compare1.sv
    Info (12023): Found entity 1: comparator1 File: D:/Quartus_prime/lab_6_brandons/compare1.sv Line: 1
Info (12021): Found 1 design units, including 1 entities, in source file compare3.sv
    Info (12023): Found entity 1: comparator3 File: D:/Quartus_prime/lab_6_brandons/compare3.sv Line: 1
Info (12021): Found 1 design units, including 1 entities, in source file compare4.sv
    Info (12023): Found entity 1: comparator4 File: D:/Quartus_prime/lab_6_brandons/compare4.sv Line: 1
Info (12021): Found 1 design units, including 1 entities, in source file compare5.sv
    Info (12023): Found entity 1: comparator5 File: D:/Quartus_prime/lab_6_brandons/compare5.sv Line: 1
Info (12021): Found 1 design units, including 1 entities, in source file compare6.sv
    Info (12023): Found entity 1: comparator6 File: D:/Quartus_prime/lab_6_brandons/compare6.sv Line: 1
Info (12127): Elaborating entity "Lab_6" for the top level hierarchy
Info (12128): Elaborating entity "comparator1" for hierarchy "comparator1:inst5"
Info (12128): Elaborating entity "counter" for hierarchy "counter:inst2"
Warning (10230): Verilog HDL assignment warning at counter.sv(7): truncated value with size 32 to match size of target (10) File: D:/Quartus_prime/lab_6_brandons/counter.sv Line: 7
Info (12128): Elaborating entity "comparator3" for hierarchy "comparator3:inst10"
Info (12128): Elaborating entity "comparator4" for hierarchy "comparator4:inst12"
Info (12128): Elaborating entity "comparator6" for hierarchy "comparator6:inst14"
Info (12128): Elaborating entity "BUSMUX" for hierarchy "BUSMUX:inst21"
Info (12130): Elaborated megafunction instantiation "BUSMUX:inst21"
Info (12133): Instantiated megafunction "BUSMUX:inst21" with the following parameter:
    Info (12134): Parameter "WIDTH" = "4"
Info (12128): Elaborating entity "lpm_mux" for hierarchy "BUSMUX:inst21|lpm_mux:$00000" File: d:/quartus_prime/quartus/libraries/megafunctions/busmux.tdf Line: 43
Info (12131): Elaborated megafunction instantiation "BUSMUX:inst21|lpm_mux:$00000", which is child of megafunction instantiation "BUSMUX:inst21" File: d:/quartus_prime/quartus/libraries/megafunctions/busmux.tdf Line: 43
Info (12021): Found 1 design units, including 1 entities, in source file db/mux_06c.tdf
    Info (12023): Found entity 1: mux_06c File: D:/Quartus_prime/lab_6_brandons/db/mux_06c.tdf Line: 22
Info (12128): Elaborating entity "mux_06c" for hierarchy "BUSMUX:inst21|lpm_mux:$00000|mux_06c:auto_generated" File: d:/quartus_prime/quartus/libraries/megafunctions/lpm_mux.tdf Line: 86
Info (12128): Elaborating entity "comparator5" for hierarchy "comparator5:inst13"
Info (12128): Elaborating entity "comparator2" for hierarchy "comparator2:inst4"
Info (286030): Timing-Driven Synthesis is running
Info (16010): Generating hard_block partition "hard_block:auto_generated_inst"
    Info (16011): Adding 0 node(s), including 0 DDIO, 0 PLL, 0 transceiver and 0 LCELL
Info (21057): Implemented 77 device resources after synthesis - the final resource count might be different
    Info (21058): Implemented 14 input pins
    Info (21059): Implemented 14 output pins
    Info (21061): Implemented 49 logic cells
Info: Quartus Prime Analysis & Synthesis was successful. 0 errors, 2 warnings
    Info: Peak virtual memory: 4799 megabytes
    Info: Processing ended: Fri Dec 06 09:25:04 2019
    Info: Elapsed time: 00:00:26
    Info: Total CPU time (on all processors): 00:00:48


